Token Type: KEYWORD
Value: PROGRAM
Token Type: KEYWORD
Value: fibonacci
Token Type: KEYWORD
Value: 

Token Type: KEYWORD
Value: BEGIN
Token Type: KEYWORD
Value: STRING
Token Type: KEYWORD
Value: input
Token Type: KEYWORD
Value: :=
Token Type: KEYWORD
Value: "Please input an integer number: ";
	STRING space := " ";
	STRING eol := "\n"
Token Type: KEYWORD
Value: ;
Token Type: KEYWORD
Value: FUNCTION
Token Type: KEYWORD
Value: INT
Token Type: KEYWORD
Value: F
Token Type: KEYWORD
Value: (
Token Type: KEYWORD
Value: INT
Token Type: KEYWORD
Value: n
Token Type: KEYWORD
Value: )
Token Type: KEYWORD
Value: BEGIN
Token Type: KEYWORD
Value: IF
Token Type: KEYWORD
Value: (
Token Type: KEYWORD
Value: n
Token Type: KEYWORD
Value: >
Token Type: KEYWORD
Value: 2
Token Type: KEYWORD
Value: )
Token Type: KEYWORD
Value: RETURN
Token Type: KEYWORD
Value: F
Token Type: KEYWORD
Value: (
Token Type: KEYWORD
Value: n
Token Type: KEYWORD
Value: -
Token Type: KEYWORD
Value: 1
Token Type: KEYWORD
Value: )
Token Type: KEYWORD
Value: +
Token Type: KEYWORD
Value: F
Token Type: KEYWORD
Value: (
Token Type: KEYWORD
Value: n
Token Type: KEYWORD
Value: -
Token Type: KEYWORD
Value: 2
Token Type: KEYWORD
Value: )
Token Type: KEYWORD
Value: ;
Token Type: KEYWORD
Value: ELSE
Token Type: KEYWORD
Value: RETURN
Token Type: KEYWORD
Value: 1
Token Type: KEYWORD
Value: ;
Token Type: KEYWORD
Value: ENDIF
Token Type: KEYWORD
Value: END
Token Type: KEYWORD
Value: FUNCTION
Token Type: KEYWORD
Value: VOID
Token Type: KEYWORD
Value: main
Token Type: KEYWORD
Value: (
Token Type: KEYWORD
Value: )
Token Type: KEYWORD
Value: BEGIN
Token Type: KEYWORD
Value: INT
Token Type: KEYWORD
Value: i
Token Type: KEYWORD
Value: ,
Token Type: KEYWORD
Value: end
Token Type: KEYWORD
Value: ,
Token Type: KEYWORD
Value: result
Token Type: KEYWORD
Value: ;
Token Type: KEYWORD
Value: WRITE
Token Type: KEYWORD
Value: (
Token Type: KEYWORD
Value: input
Token Type: KEYWORD
Value: )
Token Type: KEYWORD
Value: ;
Token Type: KEYWORD
Value: READ
Token Type: KEYWORD
Value: (
Token Type: KEYWORD
Value: end
Token Type: KEYWORD
Value: )
Token Type: KEYWORD
Value: ;
Token Type: KEYWORD
Value: i
Token Type: KEYWORD
Value: :=
Token Type: KEYWORD
Value: 0
Token Type: KEYWORD
Value: ;
Token Type: KEYWORD
Value: WHILE
Token Type: KEYWORD
Value: (
Token Type: KEYWORD
Value: i
Token Type: KEYWORD
Value: !=
Token Type: KEYWORD
Value: end
Token Type: KEYWORD
Value: )
Token Type: KEYWORD
Value: result
Token Type: KEYWORD
Value: :=
Token Type: KEYWORD
Value: F
Token Type: KEYWORD
Value: (
Token Type: KEYWORD
Value: i
Token Type: KEYWORD
Value: )
Token Type: KEYWORD
Value: ;
Token Type: KEYWORD
Value: WRITE
Token Type: KEYWORD
Value: (
Token Type: KEYWORD
Value: i
Token Type: KEYWORD
Value: ,
Token Type: KEYWORD
Value: space
Token Type: KEYWORD
Value: )
Token Type: KEYWORD
Value: ;
Token Type: KEYWORD
Value: WRITE
Token Type: KEYWORD
Value: (
Token Type: KEYWORD
Value: result
Token Type: KEYWORD
Value: ,
Token Type: KEYWORD
Value: eol
Token Type: KEYWORD
Value: )
Token Type: KEYWORD
Value: ;
Token Type: KEYWORD
Value: i
Token Type: KEYWORD
Value: :=
Token Type: KEYWORD
Value: i
Token Type: KEYWORD
Value: +
Token Type: KEYWORD
Value: 1
Token Type: KEYWORD
Value: ;
Token Type: KEYWORD
Value: ENDWHILE
Token Type: KEYWORD
Value: END
Token Type: KEYWORD
Value: 


Token Type: KEYWORD
Value: END
